<?xml version="1.0" encoding="UTF-8"?>
<testsuite xmlns:xsi="http://www.w3.org/2001/XMLSchema-instance" xsi:noNamespaceSchemaLocation="https://maven.apache.org/surefire/maven-surefire-plugin/xsd/surefire-test-report-3.0.xsd" version="3.0" name="com.java_react_demo.WeatherApiIntegrationTest" time="3.58" tests="1" errors="0" skipped="0" failures="1">
  <properties>
[...]
</properties>
  <testcase name="testGetWeather" classname="com.java_react_demo.WeatherApiIntegrationTest" time="0.817">
    <failure message="Status expected:&lt;200&gt; but was:&lt;400&gt;" type="java.lang.AssertionError"><![CDATA[java.lang.AssertionError: Status expected:<200> but was:<400>
	at org.springframework.test.util.AssertionErrors.fail(AssertionErrors.java:59)
	at org.springframework.test.util.AssertionErrors.assertEquals(AssertionErrors.java:122)
	at org.springframework.test.web.servlet.result.StatusResultMatchers.lambda$matcher$9(StatusResultMatchers.java:637)
	at org.springframework.test.web.servlet.MockMvc$1.andExpect(MockMvc.java:214)
	at com.java_react_demo.WeatherApiIntegrationTest.testGetWeather(WeatherApiIntegrationTest.java:28)
	at java.base/java.lang.reflect.Method.invoke(Method.java:568)
	at java.base/java.util.ArrayList.forEach(ArrayList.java:1511)
	at java.base/java.util.ArrayList.forEach(ArrayList.java:1511)
]]></failure>
    <system-out><![CDATA[00:40:09.405 [main] INFO org.springframework.test.context.support.AnnotationConfigContextLoaderUtils -- Could not detect default configuration classes for test class [com.java_react_demo.WeatherApiIntegrationTest]: WeatherApiIntegrationTest does not declare any static, non-private, non-final, nested classes annotated with @Configuration.
00:40:09.632 [main] INFO org.springframework.boot.test.context.SpringBootTestContextBootstrapper -- Found @SpringBootConfiguration com.java_react_demo.WeatherAppApplication for test class com.java_react_demo.WeatherApiIntegrationTest

  .   ____          _            __ _ _
 /\\ / ___'_ __ _ _(_)_ __  __ _ \ \ \ \
( ( )\___ | '_ | '_| | '_ \/ _` | \ \ \ \
 \\/  ___)| |_)| | | | | || (_| |  ) ) ) )
  '  |____| .__|_| |_|_| |_\__, | / / / /
 =========|_|==============|___/=/_/_/_/

 :: Spring Boot ::                (v3.3.2)

2024-08-08T00:40:10.226+09:00  INFO 17996 --- [           main] c.j.WeatherApiIntegrationTest            : Starting WeatherApiIntegrationTest using Java 17.0.11 with PID 17996 (started by Akiya in C:\Users\Akiya\java-maven-demo-20240411\java-demo\backend)
2024-08-08T00:40:10.228+09:00  INFO 17996 --- [           main] c.j.WeatherApiIntegrationTest            : No active profile set, falling back to 1 default profile: "default"
2024-08-08T00:40:11.739+09:00  INFO 17996 --- [           main] o.s.b.t.m.w.SpringBootMockServletContext : Initializing Spring TestDispatcherServlet ''
2024-08-08T00:40:11.739+09:00  INFO 17996 --- [           main] o.s.t.web.servlet.TestDispatcherServlet  : Initializing Servlet ''
2024-08-08T00:40:11.747+09:00  INFO 17996 --- [           main] o.s.b.a.e.web.EndpointLinksResolver      : Exposing 1 endpoint beneath base path '/actuator'
2024-08-08T00:40:11.756+09:00  INFO 17996 --- [           main] o.s.t.web.servlet.TestDispatcherServlet  : Completed initialization in 15 ms
2024-08-08T00:40:11.813+09:00  INFO 17996 --- [           main] c.j.WeatherApiIntegrationTest            : Started WeatherApiIntegrationTest in 1.918 seconds (process running for 3.402)
2024-08-08T00:40:12.666+09:00  WARN 17996 --- [           main] .w.s.m.s.DefaultHandlerExceptionResolver : Resolved [org.springframework.web.bind.MissingServletRequestParameterException: Required request parameter 'city' for method parameter type String is not present]

MockHttpServletRequest:
      HTTP Method = GET
      Request URI = /api/weather
       Parameters = {location=[Kyoto]}
          Headers = [Accept:"application/json"]
             Body = null
    Session Attrs = {}

Handler:
             Type = com.java_react_demo.controller.WeatherController
           Method = com.java_react_demo.controller.WeatherController#getWeather(String)

Async:
    Async started = false
     Async result = null

Resolved Exception:
             Type = org.springframework.web.bind.MissingServletRequestParameterException

ModelAndView:
        View name = null
             View = null
            Model = null

FlashMap:
       Attributes = null

MockHttpServletResponse:
           Status = 400
    Error message = Required parameter 'city' is not present.
          Headers = []
     Content type = null
             Body = 
    Forwarded URL = null
   Redirected URL = null
          Cookies = []
]]></system-out>
  </testcase>
</testsuite>